#
# There is insufficient memory for the Java Runtime Environment to continue.
# Native memory allocation (mmap) failed to map 123731968 bytes. Error detail: G1 virtual space
# Possible reasons:
#   The system is out of physical RAM or swap space
#   This process is running with CompressedOops enabled, and the Java Heap may be blocking the growth of the native heap
# Possible solutions:
#   Reduce memory load on the system
#   Increase physical memory or swap space
#   Check if swap backing store is full
#   Decrease Java heap size (-Xmx/-Xms)
#   Decrease number of Java threads
#   Decrease Java thread stack sizes (-Xss)
#   Set larger code cache with -XX:ReservedCodeCacheSize=
#   JVM is running with Unscaled Compressed Oops mode in which the Java heap is
#     placed in the first 4GB address space. The Java Heap base address is the
#     maximum limit for the native heap growth. Please use -XX:HeapBaseMinAddress
#     to set the Java Heap base and to place the Java Heap above 4GB virtual address.
# This output file may be truncated or incomplete.
#
#  Out of Memory Error (os_windows.cpp:3825), pid=26840, tid=22428
#
# JRE version:  (17.0.11) (build )
# Java VM: OpenJDK 64-Bit Server VM (17.0.11+0--11852314, mixed mode, sharing, tiered, compressed oops, compressed class ptrs, g1 gc, windows-amd64)
# No core dump will be written. Minidumps are not enabled by default on client versions of Windows
#

---------------  S U M M A R Y ------------

Command Line: org.jetbrains.kotlin.cli.jvm.K2JVMCompiler @C:\Users\thami\moveis\MsgApp\MsgApp\app\build\20250125_1332200971194785710.compiler.options

Host: AMD Ryzen 7 4800H with Radeon Graphics         , 16 cores, 7G,  Windows 11 , 64 bit Build 22621 (10.0.22621.4391)
Time: Sat Jan 25 23:28:47 2025 Hora Padrão de Buenos Aires elapsed time: 0.041297 seconds (0d 0h 0m 0s)

---------------  T H R E A D  ---------------

Current thread (0x000002753ff5a950):  JavaThread "Unknown thread" [_thread_in_vm, id=22428, stack(0x000000b263f00000,0x000000b264000000)]

Stack: [0x000000b263f00000,0x000000b264000000]
Native frames: (J=compiled Java code, j=interpreted, Vv=VM code, C=native code)
V  [jvm.dll+0x687bb9]
V  [jvm.dll+0x84142a]
V  [jvm.dll+0x8430ae]
V  [jvm.dll+0x843713]
V  [jvm.dll+0x24a35f]
V  [jvm.dll+0x684989]
V  [jvm.dll+0x67923a]
V  [jvm.dll+0x30af0b]
V  [jvm.dll+0x3123b6]
V  [jvm.dll+0x361dfe]
V  [jvm.dll+0x36202f]
V  [jvm.dll+0x2e0d38]
V  [jvm.dll+0x2e1ca4]
V  [jvm.dll+0x811f21]
V  [jvm.dll+0x36fb68]
V  [jvm.dll+0x7f0896]
V  [jvm.dll+0x3f3d2f]
V  [jvm.dll+0x3f58e1]
C  [jli.dll+0x528f]
C  [ucrtbase.dll+0x29333]
C  [KERNEL32.DLL+0x1259d]
C  [ntdll.dll+0x5af38]


---------------  P R O C E S S  ---------------

Threads class SMR info:
_java_thread_list=0x00007ff8616aefd8, length=0, elements={
}

Java Threads: ( => current thread )

Other Threads:
  0x000002753ffb3640 GCTaskThread "GC Thread#0" [stack: 0x000000b264000000,0x000000b264100000] [id=22300]
  0x000002753ffc39a0 ConcurrentGCThread "G1 Main Marker" [stack: 0x000000b264100000,0x000000b264200000] [id=28308]
  0x000002753ffc5b70 ConcurrentGCThread "G1 Conc#0" [stack: 0x000000b264200000,0x000000b264300000] [id=23336]

[error occurred during error reporting (printing all threads), id 0xc0000005, EXCEPTION_ACCESS_VIOLATION (0xc0000005) at pc=0x00007ff860e61907]

VM state: not at safepoint (not fully initialized)

VM Mutex/Monitor currently owned by a thread:  ([mutex/lock_event])
[0x000002753ff56dd0] Heap_lock - owner thread: 0x000002753ff5a950

Heap address: 0x000000008a000000, size: 1888 MB, Compressed Oops mode: 32-bit

CDS archive(s) mapped at: [0x0000000000000000-0x0000000000000000-0x0000000000000000), size 0, SharedBaseAddress: 0x0000000800000000, ArchiveRelocationMode: 1.
Narrow klass base: 0x0000000000000000, Narrow klass shift: 0, Narrow klass range: 0x0

GC Precious Log:
<Empty>

Heap:
 garbage-first heap   total 0K, used 0K [0x000000008a000000, 0x0000000100000000)
  region size 1024K, 0 young (0K), 0 survivors (0K)
 Metaspace       used 0K, committed 0K, reserved 0K
  class space    used 0K, committed 0K, reserved 0K

Heap Regions: E=young(eden), S=young(survivor), O=old, HS=humongous(starts), HC=humongous(continues), CS=collection set, F=free, OA=open archive, CA=closed archive, TAMS=top-at-mark-start (previous, next)

Card table byte_map: [0x0000027553060000,0x0000027553410000] _byte_map_base: 0x0000027552c10000

Marking Bits (Prev, Next): (CMBitMap*) 0x000002753ffb3c60, (CMBitMap*) 0x000002753ffb3ca0
 Prev Bits: [0x00000275537c0000, 0x0000027555540000)
 Next Bits: [0x0000027555540000, 0x00000275572c0000)

GC Heap History (0 events):
No events

Dll operation events (1 events):
Event: 0.013 Loaded shared library C:\Program Files\Android\Android Studio\jbr\bin\java.dll

Deoptimization events (0 events):
No events

Classes unloaded (0 events):
No events

Classes redefined (0 events):
No events

Internal exceptions (0 events):
No events

VM Operations (0 events):
No events

Events (0 events):
No events


Dynamic libraries:
0x00007ff719b30000 - 0x00007ff719b3a000 	C:\Program Files\Android\Android Studio\jbr\bin\java.exe
0x00007ff94a3b0000 - 0x00007ff94a5c7000 	C:\WINDOWS\SYSTEM32\ntdll.dll
0x00007ff948330000 - 0x00007ff9483f4000 	C:\WINDOWS\System32\KERNEL32.DLL
0x00007ff9476d0000 - 0x00007ff947a8a000 	C:\WINDOWS\System32\KERNELBASE.dll
0x00007ff947c30000 - 0x00007ff947d41000 	C:\WINDOWS\System32\ucrtbase.dll
0x00007ff9141a0000 - 0x00007ff9141b7000 	C:\Program Files\Android\Android Studio\jbr\bin\jli.dll
0x00007ff9338a0000 - 0x00007ff9338bb000 	C:\Program Files\Android\Android Studio\jbr\bin\VCRUNTIME140.dll
0x00007ff949e00000 - 0x00007ff949fae000 	C:\WINDOWS\System32\USER32.dll
0x00007ff9375b0000 - 0x00007ff937842000 	C:\WINDOWS\WinSxS\amd64_microsoft.windows.common-controls_6595b64144ccf1df_6.0.22621.4541_none_2710d1c57384c085\COMCTL32.dll
0x00007ff947670000 - 0x00007ff947696000 	C:\WINDOWS\System32\win32u.dll
0x00007ff949d50000 - 0x00007ff949df7000 	C:\WINDOWS\System32\msvcrt.dll
0x00007ff948190000 - 0x00007ff9481b9000 	C:\WINDOWS\System32\GDI32.dll
0x00007ff947b10000 - 0x00007ff947c2b000 	C:\WINDOWS\System32\gdi32full.dll
0x00007ff947dd0000 - 0x00007ff947e6a000 	C:\WINDOWS\System32\msvcp_win.dll
0x00007ff94a330000 - 0x00007ff94a361000 	C:\WINDOWS\System32\IMM32.DLL
0x00007ff934b60000 - 0x00007ff934b6c000 	C:\Program Files\Android\Android Studio\jbr\bin\vcruntime140_1.dll
0x00007ff913e10000 - 0x00007ff913e9d000 	C:\Program Files\Android\Android Studio\jbr\bin\msvcp140.dll
0x00007ff860b70000 - 0x00007ff8617f3000 	C:\Program Files\Android\Android Studio\jbr\bin\server\jvm.dll
0x00007ff948730000 - 0x00007ff9487e2000 	C:\WINDOWS\System32\ADVAPI32.dll
0x00007ff94a040000 - 0x00007ff94a0e7000 	C:\WINDOWS\System32\sechost.dll
0x00007ff9476a0000 - 0x00007ff9476c8000 	C:\WINDOWS\System32\bcrypt.dll
0x00007ff948460000 - 0x00007ff948574000 	C:\WINDOWS\System32\RPCRT4.dll
0x00007ff946540000 - 0x00007ff94658d000 	C:\WINDOWS\SYSTEM32\POWRPROF.dll
0x00007ff92fb80000 - 0x00007ff92fb89000 	C:\WINDOWS\SYSTEM32\WSOCK32.dll
0x00007ff942330000 - 0x00007ff942364000 	C:\WINDOWS\SYSTEM32\WINMM.dll
0x00007ff9480a0000 - 0x00007ff948111000 	C:\WINDOWS\System32\WS2_32.dll
0x00007ff93f400000 - 0x00007ff93f40a000 	C:\WINDOWS\SYSTEM32\VERSION.dll
0x00007ff946500000 - 0x00007ff946513000 	C:\WINDOWS\SYSTEM32\UMPDC.dll
0x00007ff9467a0000 - 0x00007ff9467b8000 	C:\WINDOWS\SYSTEM32\kernel.appcore.dll
0x00007ff940f20000 - 0x00007ff940f2a000 	C:\Program Files\Android\Android Studio\jbr\bin\jimage.dll
0x00007ff945060000 - 0x00007ff945292000 	C:\WINDOWS\SYSTEM32\DBGHELP.DLL
0x00007ff9491a0000 - 0x00007ff949531000 	C:\WINDOWS\System32\combase.dll
0x00007ff9499d0000 - 0x00007ff949aa7000 	C:\WINDOWS\System32\OLEAUT32.dll
0x00007ff91f180000 - 0x00007ff91f1b2000 	C:\WINDOWS\SYSTEM32\dbgcore.DLL
0x00007ff947d50000 - 0x00007ff947dcb000 	C:\WINDOWS\System32\bcryptPrimitives.dll
0x00007ff933830000 - 0x00007ff933855000 	C:\Program Files\Android\Android Studio\jbr\bin\java.dll

dbghelp: loaded successfully - version: 4.0.5 - missing functions: none
symbol engine: initialized successfully - sym options: 0x614 - pdb path: .;C:\Program Files\Android\Android Studio\jbr\bin;C:\WINDOWS\SYSTEM32;C:\WINDOWS\WinSxS\amd64_microsoft.windows.common-controls_6595b64144ccf1df_6.0.22621.4541_none_2710d1c57384c085;C:\Program Files\Android\Android Studio\jbr\bin\server

VM Arguments:
java_command: org.jetbrains.kotlin.cli.jvm.K2JVMCompiler @C:\Users\thami\moveis\MsgApp\MsgApp\app\build\20250125_1332200971194785710.compiler.options
java_class_path (initial): C:\Users\thami\.gradle\caches\modules-2\files-2.1\org.jetbrains.kotlin\kotlin-compiler-embeddable\2.0.0\1de310de3446414381282ffc46c3ed3919a4d1da\kotlin-compiler-embeddable-2.0.0.jar;C:\Users\thami\.gradle\caches\modules-2\files-2.1\org.jetbrains.kotlin\kotlin-stdlib\2.0.0\b48df2c4aede9586cc931ead433bc02d6fd7879e\kotlin-stdlib-2.0.0.jar;C:\Users\thami\.gradle\caches\modules-2\files-2.1\org.jetbrains.kotlin\kotlin-script-runtime\2.0.0\fdc27dd047d592fa41d2dfa21e7621287a361612\kotlin-script-runtime-2.0.0.jar;C:\Users\thami\.gradle\caches\modules-2\files-2.1\org.jetbrains.kotlin\kotlin-reflect\1.6.10\1cbe9c92c12a94eea200d23c2bbaedaf3daf5132\kotlin-reflect-1.6.10.jar;C:\Users\thami\.gradle\caches\modules-2\files-2.1\org.jetbrains.kotlin\kotlin-daemon-embeddable\2.0.0\b39c612768614c4428c96ee9c65477181fffe9d\kotlin-daemon-embeddable-2.0.0.jar;C:\Users\thami\.gradle\caches\modules-2\files-2.1\org.jetbrains.intellij.deps\trove4j\1.0.20200330\3afb14d5f9ceb459d724e907a21145e8ff394f02\trove4j-1.0.20200330.jar;C:\Users\thami\.gradle\caches\modules-2\files-2.1\org.jetbrains\annotations\13.0\919f0dfe192fb4e063e7dacadee7f8bb9a2672a9\annotations-13.0.jar
Launcher Type: SUN_STANDARD

[Global flags]
     intx CICompilerCount                          = 12                                        {product} {ergonomic}
     uint ConcGCThreads                            = 3                                         {product} {ergonomic}
     uint G1ConcRefinementThreads                  = 13                                        {product} {ergonomic}
   size_t G1HeapRegionSize                         = 1048576                                   {product} {ergonomic}
    uintx GCDrainStackTargetSize                   = 64                                        {product} {ergonomic}
   size_t InitialHeapSize                          = 123731968                                 {product} {ergonomic}
   size_t MarkStackSize                            = 4194304                                   {product} {ergonomic}
   size_t MaxHeapSize                              = 1979711488                                {product} {ergonomic}
   size_t MinHeapDeltaBytes                        = 1048576                                   {product} {ergonomic}
   size_t MinHeapSize                              = 8388608                                   {product} {ergonomic}
    uintx NonNMethodCodeHeapSize                   = 7602480                                {pd product} {ergonomic}
    uintx NonProfiledCodeHeapSize                  = 122027880                              {pd product} {ergonomic}
    uintx ProfiledCodeHeapSize                     = 122027880                              {pd product} {ergonomic}
    uintx ReservedCodeCacheSize                    = 251658240                              {pd product} {ergonomic}
     bool SegmentedCodeCache                       = true                                      {product} {ergonomic}
   size_t SoftMaxHeapSize                          = 1979711488                             {manageable} {ergonomic}
     bool UseCompressedClassPointers               = true                           {product lp64_product} {ergonomic}
     bool UseCompressedOops                        = true                           {product lp64_product} {ergonomic}
     bool UseG1GC                                  = true                                      {product} {ergonomic}
     bool UseLargePagesIndividualAllocation        = false                                  {pd product} {ergonomic}

Logging:
Log output configuration:
 #0: stdout all=warning uptime,level,tags
 #1: stderr all=off uptime,level,tags

Environment Variables:
PATH=C:\Program Files\Common Files\Oracle\Java\javapath;C:\Program Files (x86)\Common Files\Oracle\Java\javapath;C:\Python312\Scripts\;C:\Python312\;C:\Windows\system32;C:\Windows;C:\Windows\System32\Wbem;C:\Windows\System32\WindowsPowerShell\v1.0\;C:\Windows\System32\OpenSSH\;C:\Program Files (x86)\NVIDIA Corporation\PhysX\Common;C:\Program Files\NVIDIA Corporation\NVIDIA NvDLISR;C:\WINDOWS\system32;C:\WINDOWS;C:\WINDOWS\System32\Wbem;C:\WINDOWS\System32\WindowsPowerShell\v1.0\;C:\WINDOWS\System32\OpenSSH\;C:\Program Files\Git\cmd;C:\Program Files\nodejs\;C:\Users\thami\AppData\Roaming\npm;C:\Users\thami\Downloads\gradle-8.11.1-all\gradle-8.11.1\bin;C:\Users\thami\AppData\Local\Programs\Python\Python311\Scripts\;C:\Users\thami\AppData\Local\Programs\Python\Python311\;C:\Users\thami\AppData\Local\Microsoft\WindowsApps;C:\Users\thami\AppData\Local\Programs\Microsoft VS Code\bin;C:\MinGW\bin;C:\Users\thami\AppData\Local\GitHubDesktop\bin;C:\Program Files\nodejs\;C:\Users\thami\AppData\Roaming\npm;C:\Program Files\JetBrains\IntelliJ IDEA 2021.2.4\bin;;C:\Users\thami\Downloads\pmd-dist-7.9.0-bin\pmd-bin-7.9.0\bin;C:\Users\thami\Downloads\apache-maven-3.9.9-bin\apache-maven-3.9.9\bin;
USERNAME=thami
OS=Windows_NT
PROCESSOR_IDENTIFIER=AMD64 Family 23 Model 96 Stepping 1, AuthenticAMD
TMP=C:\Users\thami\AppData\Local\Temp
TEMP=C:\Users\thami\AppData\Local\Temp



Periodic native trim disabled

JNI global refs:
JNI global refs: 0, weak refs: 0

JNI global refs memory usage: 0, weak refs: 0

Process memory usage:
Resident Set Size: 11240K (0% of 7730500K total physical memory with 76244K free physical memory)

OOME stack traces (most recent first):
Classloader memory used:


---------------  S Y S T E M  ---------------

OS:
 Windows 11 , 64 bit Build 22621 (10.0.22621.4391)
OS uptime: 2 days 10:18 hours

CPU: total 16 (initial active 16) (16 cores per cpu, 2 threads per core) family 23 model 96 stepping 1 microcode 0x0, cx8, cmov, fxsr, ht, mmx, 3dnowpref, sse, sse2, sse3, ssse3, sse4a, sse4.1, sse4.2, popcnt, lzcnt, tsc, tscinvbit, avx, avx2, aes, clmul, bmi1, bmi2, adx, sha, fma, vzeroupper, clflush, clflushopt
Processor Information for all 16 processors :
  Max Mhz: 2900, Current Mhz: 2900, Mhz Limit: 2900

Memory: 4k page, system-wide physical 7549M (74M free)
TotalPageFile size 23549M (AvailPageFile size 92M)
current process WorkingSet (physical memory assigned to process): 10M, peak: 10M
current process commit charge ("private bytes"): 71M, peak: 188M

vm_info: OpenJDK 64-Bit Server VM (17.0.11+0--11852314) for windows-amd64 JRE (17.0.11+0--11852314), built on May 16 2024 21:29:20 by "androidbuild" with MS VC++ 16.10 / 16.11 (VS2019)

END.
