#
# There is insufficient memory for the Java Runtime Environment to continue.
# Native memory allocation (mmap) failed to map 4194304 bytes. Error detail: G1 virtual space
# Possible reasons:
#   The system is out of physical RAM or swap space
#   This process is running with CompressedOops enabled, and the Java Heap may be blocking the growth of the native heap
# Possible solutions:
#   Reduce memory load on the system
#   Increase physical memory or swap space
#   Check if swap backing store is full
#   Decrease Java heap size (-Xmx/-Xms)
#   Decrease number of Java threads
#   Decrease Java thread stack sizes (-Xss)
#   Set larger code cache with -XX:ReservedCodeCacheSize=
#   JVM is running with Zero Based Compressed Oops mode in which the Java heap is
#     placed in the first 32GB address space. The Java Heap base address is the
#     maximum limit for the native heap growth. Please use -XX:HeapBaseMinAddress
#     to set the Java Heap base and to place the Java Heap above 32GB virtual address.
# This output file may be truncated or incomplete.
#
#  Out of Memory Error (os_windows.cpp:3825), pid=6780, tid=13696
#
# JRE version: OpenJDK Runtime Environment (17.0.11) (build 17.0.11+0--11852314)
# Java VM: OpenJDK 64-Bit Server VM (17.0.11+0--11852314, mixed mode, tiered, compressed oops, compressed class ptrs, g1 gc, windows-amd64)
# No core dump will be written. Minidumps are not enabled by default on client versions of Windows
#

---------------  S U M M A R Y ------------

Command Line: -XX:MaxPermSize=2g -XX:+HeapDumpOnOutOfMemoryError --add-opens=java.base/java.util=ALL-UNNAMED --add-opens=java.base/java.lang=ALL-UNNAMED --add-opens=java.base/java.lang.invoke=ALL-UNNAMED --add-opens=java.prefs/java.util.prefs=ALL-UNNAMED --add-exports=jdk.compiler/com.sun.tools.javac.api=ALL-UNNAMED --add-exports=jdk.compiler/com.sun.tools.javac.util=ALL-UNNAMED --add-opens=java.base/java.nio.charset=ALL-UNNAMED --add-opens=java.base/java.net=ALL-UNNAMED --add-opens=java.base/java.util.concurrent.atomic=ALL-UNNAMED -Xmx4g -Dfile.encoding=UTF-8 -Duser.country=BR -Duser.language=pt -Duser.variant -javaagent:C:\Users\thami\.gradle\wrapper\dists\gradle-8.9-bin\90cnw93cvbtalezasaz0blq0a\gradle-8.9\lib\agents\gradle-instrumentation-agent-8.9.jar org.gradle.launcher.daemon.bootstrap.GradleDaemon 8.9

Host: AMD Ryzen 7 4800H with Radeon Graphics         , 16 cores, 7G,  Windows 11 , 64 bit Build 22621 (10.0.22621.4391)
Time: Sat Jan 25 23:32:05 2025 Hora Padrão de Buenos Aires elapsed time: 7.738831 seconds (0d 0h 0m 7s)

---------------  T H R E A D  ---------------

Current thread (0x000001e3e334b070):  VMThread "VM Thread" [stack: 0x000000bf02d00000,0x000000bf02e00000] [id=13696]

Stack: [0x000000bf02d00000,0x000000bf02e00000]
Native frames: (J=compiled Java code, j=interpreted, Vv=VM code, C=native code)
V  [jvm.dll+0x687bb9]
V  [jvm.dll+0x84142a]
V  [jvm.dll+0x8430ae]
V  [jvm.dll+0x843713]
V  [jvm.dll+0x24a35f]
V  [jvm.dll+0x684989]
V  [jvm.dll+0x67923a]
V  [jvm.dll+0x30af0b]
V  [jvm.dll+0x3123b6]
V  [jvm.dll+0x361dfe]
V  [jvm.dll+0x36202f]
V  [jvm.dll+0x2e0d38]
V  [jvm.dll+0x2e3e26]
V  [jvm.dll+0x2ee63a]
V  [jvm.dll+0x323270]
V  [jvm.dll+0x847e0b]
V  [jvm.dll+0x848b42]
V  [jvm.dll+0x84905d]
V  [jvm.dll+0x849434]
V  [jvm.dll+0x849500]
V  [jvm.dll+0x7efa4a]
V  [jvm.dll+0x686a35]
C  [ucrtbase.dll+0x29333]
C  [KERNEL32.DLL+0x1259d]
C  [ntdll.dll+0x5af38]

VM_Operation (0x000000bf029ff7a0): G1PauseRemark, mode: safepoint, requested by thread 0x000001e3c1b3dfe0


---------------  P R O C E S S  ---------------

Threads class SMR info:
_java_thread_list=0x000001e3eb53f2c0, length=51, elements={
0x000001e3c3d018d0, 0x000001e3e334f5d0, 0x000001e3e3350fb0, 0x000001e3e2aad5e0,
0x000001e3e2aadfb0, 0x000001e3e2aaea70, 0x000001e3e336e970, 0x000001e3e33d0730,
0x000001e3e33d11e0, 0x000001e3e33d50e0, 0x000001e3e34c4720, 0x000001e3e358bf20,
0x000001e3e365ee00, 0x000001e3e9a7b9d0, 0x000001e3e99c5850, 0x000001e3e9961f30,
0x000001e3e9d58770, 0x000001e3e9aeb250, 0x000001e3e9d39000, 0x000001e3e9d39510,
0x000001e3e9d38af0, 0x000001e3e9d3ae60, 0x000001e3e9d39f30, 0x000001e3e9d3a440,
0x000001e3e9d39a20, 0x000001e3e9d3a950, 0x000001e3e8061a90, 0x000001e3e9d3b880,
0x000001e3e9d380d0, 0x000001e3e9d385e0, 0x000001e3eb333f80, 0x000001e3eb3353c0,
0x000001e3eb335de0, 0x000001e3eb333050, 0x000001e3eb3349a0, 0x000001e3eb3362f0,
0x000001e3eb332b40, 0x000001e3eb333560, 0x000001e3eb333a70, 0x000001e3eb334490,
0x000001e3eb334eb0, 0x000001e3eb3358d0, 0x000001e3eacadab0, 0x000001e3eacafe20,
0x000001e3eacae9e0, 0x000001e3eacadfc0, 0x000001e3eacae4d0, 0x000001e3eacacb80,
0x000001e3eacad5a0, 0x000001e3eacb1770, 0x000001e3eacaf400
}

Java Threads: ( => current thread )
  0x000001e3c3d018d0 JavaThread "main" [_thread_blocked, id=26900, stack(0x000000bf02700000,0x000000bf02800000)]
  0x000001e3e334f5d0 JavaThread "Reference Handler" daemon [_thread_blocked, id=24300, stack(0x000000bf02e00000,0x000000bf02f00000)]
  0x000001e3e3350fb0 JavaThread "Finalizer" daemon [_thread_blocked, id=2032, stack(0x000000bf02f00000,0x000000bf03000000)]
  0x000001e3e2aad5e0 JavaThread "Signal Dispatcher" daemon [_thread_blocked, id=24716, stack(0x000000bf03000000,0x000000bf03100000)]
  0x000001e3e2aadfb0 JavaThread "Attach Listener" daemon [_thread_blocked, id=24192, stack(0x000000bf03100000,0x000000bf03200000)]
  0x000001e3e2aaea70 JavaThread "Service Thread" daemon [_thread_blocked, id=21716, stack(0x000000bf03200000,0x000000bf03300000)]
  0x000001e3e336e970 JavaThread "Monitor Deflation Thread" daemon [_thread_blocked, id=11596, stack(0x000000bf03300000,0x000000bf03400000)]
  0x000001e3e33d0730 JavaThread "C2 CompilerThread0" daemon [_thread_blocked, id=8528, stack(0x000000bf03400000,0x000000bf03500000)]
  0x000001e3e33d11e0 JavaThread "C1 CompilerThread0" daemon [_thread_blocked, id=27444, stack(0x000000bf03500000,0x000000bf03600000)]
  0x000001e3e33d50e0 JavaThread "Sweeper thread" daemon [_thread_blocked, id=24036, stack(0x000000bf03600000,0x000000bf03700000)]
  0x000001e3e34c4720 JavaThread "Common-Cleaner" daemon [_thread_blocked, id=17968, stack(0x000000bf03700000,0x000000bf03800000)]
  0x000001e3e358bf20 JavaThread "C1 CompilerThread1" daemon [_thread_blocked, id=8124, stack(0x000000bf03800000,0x000000bf03900000)]
  0x000001e3e365ee00 JavaThread "Notification Thread" daemon [_thread_blocked, id=13468, stack(0x000000bf03a00000,0x000000bf03b00000)]
  0x000001e3e9a7b9d0 JavaThread "Daemon health stats" [_thread_blocked, id=5848, stack(0x000000bf04000000,0x000000bf04100000)]
  0x000001e3e99c5850 JavaThread "Incoming local TCP Connector on port 65191" [_thread_in_native, id=4740, stack(0x000000bf04400000,0x000000bf04500000)]
  0x000001e3e9961f30 JavaThread "Daemon periodic checks" [_thread_blocked, id=24284, stack(0x000000bf04500000,0x000000bf04600000)]
  0x000001e3e9d58770 JavaThread "Daemon" [_thread_blocked, id=28428, stack(0x000000bf04600000,0x000000bf04700000)]
  0x000001e3e9aeb250 JavaThread "Handler for socket connection from /127.0.0.1:65191 to /127.0.0.1:65192" [_thread_in_native, id=3344, stack(0x000000bf04700000,0x000000bf04800000)]
  0x000001e3e9d39000 JavaThread "Cancel handler" [_thread_blocked, id=24268, stack(0x000000bf04800000,0x000000bf04900000)]
  0x000001e3e9d39510 JavaThread "Daemon worker" [_thread_blocked, id=27000, stack(0x000000bf04900000,0x000000bf04a00000)]
  0x000001e3e9d38af0 JavaThread "Asynchronous log dispatcher for DefaultDaemonConnection: socket connection from /127.0.0.1:65191 to /127.0.0.1:65192" [_thread_blocked, id=21288, stack(0x000000bf04a00000,0x000000bf04b00000)]
  0x000001e3e9d3ae60 JavaThread "Stdin handler" [_thread_blocked, id=8180, stack(0x000000bf04b00000,0x000000bf04c00000)]
  0x000001e3e9d39f30 JavaThread "Daemon client event forwarder" [_thread_blocked, id=3044, stack(0x000000bf04c00000,0x000000bf04d00000)]
  0x000001e3e9d3a440 JavaThread "Cache worker for journal cache (C:\Users\thami\.gradle\caches\journal-1)" [_thread_blocked, id=25768, stack(0x000000bf05400000,0x000000bf05500000)]
  0x000001e3e9d39a20 JavaThread "File lock request listener" [_thread_in_native, id=12292, stack(0x000000bf05500000,0x000000bf05600000)]
  0x000001e3e9d3a950 JavaThread "Cache worker for file hash cache (C:\Users\thami\.gradle\caches\8.9\fileHashes)" [_thread_blocked, id=5144, stack(0x000000bf03900000,0x000000bf03a00000)]
  0x000001e3e8061a90 JavaThread "C1 CompilerThread2" daemon [_thread_blocked, id=14640, stack(0x000000bf05600000,0x000000bf05700000)]
  0x000001e3e9d3b880 JavaThread "Cache worker for file hash cache (C:\Users\thami\moveis\MsgApp\MsgApp\.gradle\8.9\fileHashes)" [_thread_blocked, id=16536, stack(0x000000bf05700000,0x000000bf05800000)]
  0x000001e3e9d380d0 JavaThread "Cache worker for Build Output Cleanup Cache (C:\Users\thami\moveis\MsgApp\MsgApp\.gradle\buildOutputCleanup)" [_thread_blocked, id=18268, stack(0x000000bf05800000,0x000000bf05900000)]
  0x000001e3e9d385e0 JavaThread "File watcher server" daemon [_thread_in_native, id=11332, stack(0x000000bf05900000,0x000000bf05a00000)]
  0x000001e3eb333f80 JavaThread "File watcher consumer" daemon [_thread_blocked, id=4108, stack(0x000000bf05a00000,0x000000bf05b00000)]
  0x000001e3eb3353c0 JavaThread "jar transforms" [_thread_blocked, id=28096, stack(0x000000bf05b00000,0x000000bf05c00000)]
  0x000001e3eb335de0 JavaThread "jar transforms Thread 2" [_thread_blocked, id=13216, stack(0x000000bf05c00000,0x000000bf05d00000)]
  0x000001e3eb333050 JavaThread "jar transforms Thread 3" [_thread_blocked, id=17448, stack(0x000000bf05d00000,0x000000bf05e00000)]
  0x000001e3eb3349a0 JavaThread "jar transforms Thread 4" [_thread_blocked, id=18288, stack(0x000000bf05e00000,0x000000bf05f00000)]
  0x000001e3eb3362f0 JavaThread "jar transforms Thread 5" [_thread_blocked, id=7580, stack(0x000000bf05f00000,0x000000bf06000000)]
  0x000001e3eb332b40 JavaThread "jar transforms Thread 6" [_thread_blocked, id=28196, stack(0x000000bf06000000,0x000000bf06100000)]
  0x000001e3eb333560 JavaThread "jar transforms Thread 7" [_thread_blocked, id=25648, stack(0x000000bf06100000,0x000000bf06200000)]
  0x000001e3eb333a70 JavaThread "jar transforms Thread 8" [_thread_blocked, id=19868, stack(0x000000bf06200000,0x000000bf06300000)]
  0x000001e3eb334490 JavaThread "jar transforms Thread 9" [_thread_blocked, id=26912, stack(0x000000bf06300000,0x000000bf06400000)]
  0x000001e3eb334eb0 JavaThread "jar transforms Thread 10" [_thread_blocked, id=26928, stack(0x000000bf06400000,0x000000bf06500000)]
  0x000001e3eb3358d0 JavaThread "jar transforms Thread 11" [_thread_blocked, id=18960, stack(0x000000bf06500000,0x000000bf06600000)]
  0x000001e3eacadab0 JavaThread "jar transforms Thread 12" [_thread_blocked, id=6032, stack(0x000000bf06600000,0x000000bf06700000)]
  0x000001e3eacafe20 JavaThread "jar transforms Thread 13" [_thread_blocked, id=14712, stack(0x000000bf06700000,0x000000bf06800000)]
  0x000001e3eacae9e0 JavaThread "jar transforms Thread 14" [_thread_blocked, id=24500, stack(0x000000bf06800000,0x000000bf06900000)]
  0x000001e3eacadfc0 JavaThread "jar transforms Thread 15" [_thread_blocked, id=27116, stack(0x000000bf06900000,0x000000bf06a00000)]
  0x000001e3eacae4d0 JavaThread "jar transforms Thread 16" [_thread_blocked, id=21264, stack(0x000000bf06a00000,0x000000bf06b00000)]
  0x000001e3eacacb80 JavaThread "Cache worker for checksums cache (C:\Users\thami\moveis\MsgApp\MsgApp\.gradle\8.9\checksums)" [_thread_blocked, id=23956, stack(0x000000bf06b00000,0x000000bf06c00000)]
  0x000001e3eacad5a0 JavaThread "Cache worker for file content cache (C:\Users\thami\.gradle\caches\8.9\fileContent)" [_thread_blocked, id=23996, stack(0x000000bf06c00000,0x000000bf06d00000)]
  0x000001e3eacb1770 JavaThread "Cache worker for cache directory md-rule (C:\Users\thami\.gradle\caches\8.9\md-rule)" [_thread_blocked, id=21760, stack(0x000000bf06d00000,0x000000bf06e00000)]
  0x000001e3eacaf400 JavaThread "Cache worker for cache directory md-supplier (C:\Users\thami\.gradle\caches\8.9\md-supplier)" [_thread_blocked, id=12356, stack(0x000000bf06e00000,0x000000bf06f00000)]

Other Threads:
=>0x000001e3e334b070 VMThread "VM Thread" [stack: 0x000000bf02d00000,0x000000bf02e00000] [id=13696]
  0x000001e3c3d02490 WatcherThread [stack: 0x000000bf03b00000,0x000000bf03c00000] [id=2272]
  0x000001e3c3d6f9b0 GCTaskThread "GC Thread#0" [stack: 0x000000bf02800000,0x000000bf02900000] [id=27956]
  0x000001e3e3737cb0 GCTaskThread "GC Thread#1" [stack: 0x000000bf03c00000,0x000000bf03d00000] [id=14120]
  0x000001e3e858e540 GCTaskThread "GC Thread#2" [stack: 0x000000bf03d00000,0x000000bf03e00000] [id=28536]
  0x000001e3e8e5bba0 GCTaskThread "GC Thread#3" [stack: 0x000000bf03e00000,0x000000bf03f00000] [id=27784]
  0x000001e3e8954d60 GCTaskThread "GC Thread#4" [stack: 0x000000bf03f00000,0x000000bf04000000] [id=14592]
  0x000001e3e9837020 GCTaskThread "GC Thread#5" [stack: 0x000000bf04100000,0x000000bf04200000] [id=13208]
  0x000001e3e98372e0 GCTaskThread "GC Thread#6" [stack: 0x000000bf04200000,0x000000bf04300000] [id=25028]
  0x000001e3e9a33ed0 GCTaskThread "GC Thread#7" [stack: 0x000000bf04300000,0x000000bf04400000] [id=18480]
  0x000001e3e9a9cb50 GCTaskThread "GC Thread#8" [stack: 0x000000bf04d00000,0x000000bf04e00000] [id=22936]
  0x000001e3e9abf020 GCTaskThread "GC Thread#9" [stack: 0x000000bf04e00000,0x000000bf04f00000] [id=9416]
  0x000001e3e9aa6310 GCTaskThread "GC Thread#10" [stack: 0x000000bf04f00000,0x000000bf05000000] [id=15136]
  0x000001e3e9a8b780 GCTaskThread "GC Thread#11" [stack: 0x000000bf05000000,0x000000bf05100000] [id=17540]
  0x000001e3e9cc18c0 GCTaskThread "GC Thread#12" [stack: 0x000000bf05100000,0x000000bf05200000] [id=11896]
  0x000001e3c1b3dfe0 ConcurrentGCThread "G1 Main Marker" [stack: 0x000000bf02900000,0x000000bf02a00000] [id=24320]
  0x000001e3c3d7c890 ConcurrentGCThread "G1 Conc#0" [stack: 0x000000bf02a00000,0x000000bf02b00000] [id=18048]
  0x000001e3e9cc0b00 ConcurrentGCThread "G1 Conc#1" [stack: 0x000000bf05200000,0x000000bf05300000] [id=24200]
  0x000001e3e9cc1080 ConcurrentGCThread "G1 Conc#2" [stack: 0x000000bf05300000,0x000000bf05400000] [id=8060]
  0x000001e3c3daa710 ConcurrentGCThread "G1 Refine#0" [stack: 0x000000bf02b00000,0x000000bf02c00000] [id=26124]
  0x000001e3c3daafe0 ConcurrentGCThread "G1 Service" [stack: 0x000000bf02c00000,0x000000bf02d00000] [id=14284]

Threads with active compile tasks:
C2 CompilerThread0     7885 3790  s    4       jdk.internal.loader.Resource::cachedInputStream (20 bytes)

VM state: at safepoint (normal execution)

VM Mutex/Monitor currently owned by a thread:  ([mutex/lock_event])
[0x000001e3c3cfd7b0] Threads_lock - owner thread: 0x000001e3e334b070
[0x000001e3c3cfdf00] Heap_lock - owner thread: 0x000001e3c1b3dfe0

Heap address: 0x0000000700000000, size: 4096 MB, Compressed Oops mode: Zero based, Oop shift amount: 3

CDS archive(s) not mapped
Compressed class space mapped at: 0x0000000800000000-0x0000000840000000, reserved size: 1073741824
Narrow klass base: 0x0000000800000000, Narrow klass shift: 0, Narrow klass range: 0x40000000

GC Precious Log:
 CPUs: 16 total, 16 available
 Memory: 7549M
 Large Page Support: Disabled
 NUMA Support: Disabled
 Compressed Oops: Enabled (Zero based)
 Heap Region Size: 2M
 Heap Min Capacity: 8M
 Heap Initial Capacity: 118M
 Heap Max Capacity: 4G
 Pre-touch: Disabled
 Parallel Workers: 13
 Concurrent Workers: 3
 Concurrent Refinement Workers: 13
 Periodic GC: Disabled

Heap:
 garbage-first heap   total 81920K, used 45904K [0x0000000700000000, 0x0000000800000000)
  region size 2048K, 3 young (6144K), 2 survivors (4096K)
 Metaspace       used 41022K, committed 41408K, reserved 1114112K
  class space    used 5712K, committed 5888K, reserved 1048576K

Heap Regions: E=young(eden), S=young(survivor), O=old, HS=humongous(starts), HC=humongous(continues), CS=collection set, F=free, OA=open archive, CA=closed archive, TAMS=top-at-mark-start (previous, next)
|   0|0x0000000700000000, 0x0000000700200000, 0x0000000700200000|100%| O|  |TAMS 0x0000000700200000, 0x0000000700000000| Untracked 
|   1|0x0000000700200000, 0x0000000700400000, 0x0000000700400000|100%|HS|  |TAMS 0x0000000700400000, 0x0000000700200000| Complete 
|   2|0x0000000700400000, 0x0000000700600000, 0x0000000700600000|100%|HC|  |TAMS 0x0000000700600000, 0x0000000700400000| Complete 
|   3|0x0000000700600000, 0x0000000700800000, 0x0000000700800000|100%| O|  |TAMS 0x0000000700800000, 0x0000000700600000| Untracked 
|   4|0x0000000700800000, 0x0000000700a00000, 0x0000000700a00000|100%| O|  |TAMS 0x0000000700a00000, 0x0000000700800000| Untracked 
|   5|0x0000000700a00000, 0x0000000700c00000, 0x0000000700c00000|100%| O|  |TAMS 0x0000000700c00000, 0x0000000700a00000| Untracked 
|   6|0x0000000700c00000, 0x0000000700e00000, 0x0000000700e00000|100%| O|  |TAMS 0x0000000700e00000, 0x0000000700c00000| Untracked 
|   7|0x0000000700e00000, 0x0000000701000000, 0x0000000701000000|100%| O|  |TAMS 0x0000000701000000, 0x0000000700e00000| Untracked 
|   8|0x0000000701000000, 0x0000000701200000, 0x0000000701200000|100%| O|  |TAMS 0x0000000701200000, 0x0000000701000000| Updating 
|   9|0x0000000701200000, 0x0000000701400000, 0x0000000701400000|100%| O|  |TAMS 0x0000000701400000, 0x0000000701200000| Untracked 
|  10|0x0000000701400000, 0x0000000701600000, 0x0000000701600000|100%| O|  |TAMS 0x0000000701600000, 0x0000000701400000| Untracked 
|  11|0x0000000701600000, 0x0000000701800000, 0x0000000701800000|100%| O|  |TAMS 0x0000000701800000, 0x0000000701600000| Untracked 
|  12|0x0000000701800000, 0x0000000701a00000, 0x0000000701a00000|100%|HS|  |TAMS 0x0000000701a00000, 0x0000000701800000| Complete 
|  13|0x0000000701a00000, 0x0000000701c00000, 0x0000000701c00000|100%|HC|  |TAMS 0x0000000701c00000, 0x0000000701a00000| Complete 
|  14|0x0000000701c00000, 0x0000000701e00000, 0x0000000701e00000|100%|HC|  |TAMS 0x0000000701e00000, 0x0000000701c00000| Complete 
|  15|0x0000000701e00000, 0x0000000702000000, 0x0000000702000000|100%|HS|  |TAMS 0x0000000702000000, 0x0000000701e00000| Complete 
|  16|0x0000000702000000, 0x0000000702200000, 0x0000000702200000|100%|HC|  |TAMS 0x0000000702200000, 0x0000000702000000| Complete 
|  17|0x0000000702200000, 0x0000000702400000, 0x0000000702400000|100%|HS|  |TAMS 0x0000000702400000, 0x0000000702200000| Complete 
|  18|0x0000000702400000, 0x0000000702600000, 0x0000000702600000|100%|HC|  |TAMS 0x0000000702600000, 0x0000000702400000| Complete 
|  19|0x0000000702600000, 0x0000000702600000, 0x0000000702800000|  0%| F|  |TAMS 0x0000000702600000, 0x0000000702600000| Untracked 
|  20|0x0000000702800000, 0x0000000702a00000, 0x0000000702a00000|100%| O|  |TAMS 0x0000000702a00000, 0x0000000702800000| Untracked 
|  21|0x0000000702a00000, 0x0000000702c00000, 0x0000000702c00000|100%| O|  |TAMS 0x0000000702c00000, 0x0000000702a00000| Untracked 
|  22|0x0000000702c00000, 0x0000000702c00000, 0x0000000702e00000|  0%| F|  |TAMS 0x0000000702c00000, 0x0000000702c00000| Untracked 
|  23|0x0000000702e00000, 0x0000000702e00000, 0x0000000703000000|  0%| F|  |TAMS 0x0000000702e00000, 0x0000000702e00000| Untracked 
|  24|0x0000000703000000, 0x00000007030ada00, 0x0000000703200000| 33%| O|  |TAMS 0x00000007030ada00, 0x0000000703000000| Updating 
|  25|0x0000000703200000, 0x0000000703200000, 0x0000000703400000|  0%| F|  |TAMS 0x0000000703200000, 0x0000000703200000| Untracked 
|  26|0x0000000703400000, 0x0000000703400000, 0x0000000703600000|  0%| F|  |TAMS 0x0000000703400000, 0x0000000703400000| Untracked 
|  27|0x0000000703600000, 0x00000007036269e8, 0x0000000703800000|  7%| S|CS|TAMS 0x0000000703600000, 0x0000000703600000| Complete 
|  28|0x0000000703800000, 0x0000000703a00000, 0x0000000703a00000|100%| S|CS|TAMS 0x0000000703800000, 0x0000000703800000| Complete 
|  29|0x0000000703a00000, 0x0000000703a00000, 0x0000000703c00000|  0%| F|  |TAMS 0x0000000703a00000, 0x0000000703a00000| Untracked 
|  30|0x0000000703c00000, 0x0000000703c00000, 0x0000000703e00000|  0%| F|  |TAMS 0x0000000703c00000, 0x0000000703c00000| Untracked 
|  31|0x0000000703e00000, 0x0000000703e00000, 0x0000000704000000|  0%| F|  |TAMS 0x0000000703e00000, 0x0000000703e00000| Untracked 
|  32|0x0000000704000000, 0x0000000704000000, 0x0000000704200000|  0%| F|  |TAMS 0x0000000704000000, 0x0000000704000000| Untracked 
|  33|0x0000000704200000, 0x0000000704200000, 0x0000000704400000|  0%| F|  |TAMS 0x0000000704200000, 0x0000000704200000| Untracked 
|  34|0x0000000704400000, 0x0000000704400000, 0x0000000704600000|  0%| F|  |TAMS 0x0000000704400000, 0x0000000704400000| Untracked 
|  35|0x0000000704600000, 0x0000000704600000, 0x0000000704800000|  0%| F|  |TAMS 0x0000000704600000, 0x0000000704600000| Untracked 
|  36|0x0000000704800000, 0x0000000704800000, 0x0000000704a00000|  0%| F|  |TAMS 0x0000000704800000, 0x0000000704800000| Untracked 
|  46|0x0000000705c00000, 0x0000000705c00000, 0x0000000705e00000|  0%| F|  |TAMS 0x0000000705c00000, 0x0000000705c00000| Untracked 
|  47|0x0000000705e00000, 0x0000000705e00000, 0x0000000706000000|  0%| F|  |TAMS 0x0000000705e00000, 0x0000000705e00000| Untracked 
|  58|0x0000000707400000, 0x0000000707460b20, 0x0000000707600000| 18%| E|  |TAMS 0x0000000707400000, 0x0000000707400000| Complete 

Card table byte_map: [0x000001e3d7250000,0x000001e3d7a50000] _byte_map_base: 0x000001e3d3a50000

Marking Bits (Prev, Next): (CMBitMap*) 0x000001e3c3d6feb0, (CMBitMap*) 0x000001e3c3d6fe70
 Prev Bits: [0x000001e3dc250000, 0x000001e3e0250000)
 Next Bits: [0x000001e3d8250000, 0x000001e3dc250000)

Polling page: 0x000001e3c1c80000

Metaspace:

Usage:
  Non-class:     34.48 MB used.
      Class:      5.58 MB used.
       Both:     40.06 MB used.

Virtual space:
  Non-class space:       64.00 MB reserved,      34.69 MB ( 54%) committed,  1 nodes.
      Class space:        1.00 GB reserved,       5.75 MB ( <1%) committed,  1 nodes.
             Both:        1.06 GB reserved,      40.44 MB (  4%) committed. 

Chunk freelists:
   Non-Class:  12.94 MB
       Class:  10.20 MB
        Both:  23.14 MB

MaxMetaspaceSize: unlimited
CompressedClassSpaceSize: 1.00 GB
Initial GC threshold: 21.00 MB
Current GC threshold: 59.00 MB
CDS: off
MetaspaceReclaimPolicy: balanced
 - commit_granule_bytes: 65536.
 - commit_granule_words: 8192.
 - virtual_space_node_default_size: 8388608.
 - enlarge_chunks_in_place: 1.
 - new_chunks_are_fully_committed: 0.
 - uncommit_free_chunks: 1.
 - use_allocation_guard: 0.
 - handle_deallocations: 1.


Internal statistics:

num_allocs_failed_limit: 6.
num_arena_births: 478.
num_arena_deaths: 0.
num_vsnodes_births: 2.
num_vsnodes_deaths: 0.
num_space_committed: 647.
num_space_uncommitted: 0.
num_chunks_returned_to_freelist: 6.
num_chunks_taken_from_freelist: 1802.
num_chunk_merges: 6.
num_chunk_splits: 1129.
num_chunks_enlarged: 740.
num_inconsistent_stats: 0.

CodeHeap 'non-profiled nmethods': size=119168Kb used=2106Kb max_used=2106Kb free=117061Kb
 bounds [0x000001e3ced70000, 0x000001e3cefe0000, 0x000001e3d61d0000]
CodeHeap 'profiled nmethods': size=119104Kb used=8369Kb max_used=8369Kb free=110734Kb
 bounds [0x000001e3c71d0000, 0x000001e3c7a00000, 0x000001e3ce620000]
CodeHeap 'non-nmethods': size=7488Kb used=2382Kb max_used=2436Kb free=5105Kb
 bounds [0x000001e3ce620000, 0x000001e3ce8a0000, 0x000001e3ced70000]
 total_blobs=4349 nmethods=3782 adapters=477
 compilation: enabled
              stopped_count=0, restarted_count=0
 full_count=0

Compilation events (20 events):
Event: 7.549 Thread 0x000001e3e8061a90 3817       1       org.codehaus.groovy.util.ReferenceManager::getReferenceQueue (5 bytes)
Event: 7.549 Thread 0x000001e3e33d11e0 3818       1       org.codehaus.groovy.util.ReferenceBundle::getType (5 bytes)
Event: 7.549 Thread 0x000001e3e8061a90 nmethod 3817 0x000001e3cef77510 code [0x000001e3cef776a0, 0x000001e3cef77778]
Event: 7.549 Thread 0x000001e3e358bf20 3819       1       org.codehaus.groovy.util.ReferenceBundle::getManager (5 bytes)
Event: 7.549 Thread 0x000001e3e33d11e0 nmethod 3818 0x000001e3cef77810 code [0x000001e3cef779a0, 0x000001e3cef77a78]
Event: 7.549 Thread 0x000001e3e358bf20 nmethod 3819 0x000001e3cef77b10 code [0x000001e3cef77ca0, 0x000001e3cef77d78]
Event: 7.551 Thread 0x000001e3e33d11e0 3820       3       jdk.internal.org.objectweb.asm.MethodWriter::visitVarInsn (302 bytes)
Event: 7.551 Thread 0x000001e3e8061a90 3822       3       java.lang.invoke.MethodHandle::asType (28 bytes)
Event: 7.551 Thread 0x000001e3e33d11e0 nmethod 3820 0x000001e3c79fb110 code [0x000001e3c79fb360, 0x000001e3c79fbce8]
Event: 7.551 Thread 0x000001e3e8061a90 nmethod 3822 0x000001e3c79fbf90 code [0x000001e3c79fc160, 0x000001e3c79fc4e8]
Event: 7.575 Thread 0x000001e3e33d0730 nmethod 3807 0x000001e3cef77e10 code [0x000001e3cef780e0, 0x000001e3cef7a770]
Event: 7.575 Thread 0x000001e3e33d0730 3823 %     4       jdk.internal.loader.URLClassPath::getResource @ 39 (74 bytes)
Event: 7.583 Thread 0x000001e3e33d0730 nmethod 3823% 0x000001e3cef7b990 code [0x000001e3cef7bc00, 0x000001e3cef7c680]
Event: 7.583 Thread 0x000001e3e33d0730 3567       4       java.lang.reflect.Modifier::isStatic (13 bytes)
Event: 7.583 Thread 0x000001e3e33d0730 nmethod 3567 0x000001e3cef7cf90 code [0x000001e3cef7d100, 0x000001e3cef7d158]
Event: 7.583 Thread 0x000001e3e33d0730 3821       4       jdk.internal.org.objectweb.asm.Frame::getAbstractTypeFromDescriptor (415 bytes)
Event: 7.589 Thread 0x000001e3e33d0730 nmethod 3821 0x000001e3cef7d290 code [0x000001e3cef7d4a0, 0x000001e3cef7df20]
Event: 7.589 Thread 0x000001e3e33d0730 3725       4       java.util.ArrayList::<init> (12 bytes)
Event: 7.590 Thread 0x000001e3e33d0730 nmethod 3725 0x000001e3cef7e690 code [0x000001e3cef7e800, 0x000001e3cef7e938]
Event: 7.590 Thread 0x000001e3e33d0730 3790  s    4       jdk.internal.loader.Resource::cachedInputStream (20 bytes)

GC Heap History (20 events):
Event: 0.723 GC heap before
{Heap before GC invocations=0 (full 0):
 garbage-first heap   total 120832K, used 22528K [0x0000000700000000, 0x0000000800000000)
  region size 2048K, 11 young (22528K), 0 survivors (0K)
 Metaspace       used 7775K, committed 7936K, reserved 1114112K
  class space    used 672K, committed 768K, reserved 1048576K
}
Event: 0.728 GC heap after
{Heap after GC invocations=1 (full 0):
 garbage-first heap   total 120832K, used 4564K [0x0000000700000000, 0x0000000800000000)
  region size 2048K, 2 young (4096K), 2 survivors (4096K)
 Metaspace       used 7775K, committed 7936K, reserved 1114112K
  class space    used 672K, committed 768K, reserved 1048576K
}
Event: 1.501 GC heap before
{Heap before GC invocations=1 (full 0):
 garbage-first heap   total 120832K, used 45524K [0x0000000700000000, 0x0000000800000000)
  region size 2048K, 20 young (40960K), 2 survivors (4096K)
 Metaspace       used 11838K, committed 12032K, reserved 1114112K
  class space    used 1243K, committed 1344K, reserved 1048576K
}
Event: 1.509 GC heap after
{Heap after GC invocations=2 (full 0):
 garbage-first heap   total 120832K, used 11897K [0x0000000700000000, 0x0000000800000000)
  region size 2048K, 2 young (4096K), 2 survivors (4096K)
 Metaspace       used 11838K, committed 12032K, reserved 1114112K
  class space    used 1243K, committed 1344K, reserved 1048576K
}
Event: 2.348 GC heap before
{Heap before GC invocations=2 (full 0):
 garbage-first heap   total 120832K, used 59001K [0x0000000700000000, 0x0000000800000000)
  region size 2048K, 25 young (51200K), 2 survivors (4096K)
 Metaspace       used 15380K, committed 15616K, reserved 1114112K
  class space    used 1709K, committed 1792K, reserved 1048576K
}
Event: 2.354 GC heap after
{Heap after GC invocations=3 (full 0):
 garbage-first heap   total 120832K, used 17992K [0x0000000700000000, 0x0000000800000000)
  region size 2048K, 4 young (8192K), 4 survivors (8192K)
 Metaspace       used 15380K, committed 15616K, reserved 1114112K
  class space    used 1709K, committed 1792K, reserved 1048576K
}
Event: 3.227 GC heap before
{Heap before GC invocations=3 (full 0):
 garbage-first heap   total 120832K, used 38472K [0x0000000700000000, 0x0000000800000000)
  region size 2048K, 15 young (30720K), 4 survivors (8192K)
 Metaspace       used 21368K, committed 21504K, reserved 1114112K
  class space    used 2485K, committed 2560K, reserved 1048576K
}
Event: 3.234 GC heap after
{Heap after GC invocations=4 (full 0):
 garbage-first heap   total 120832K, used 20510K [0x0000000700000000, 0x0000000800000000)
  region size 2048K, 2 young (4096K), 2 survivors (4096K)
 Metaspace       used 21368K, committed 21504K, reserved 1114112K
  class space    used 2485K, committed 2560K, reserved 1048576K
}
Event: 5.277 GC heap before
{Heap before GC invocations=5 (full 0):
 garbage-first heap   total 81920K, used 63518K [0x0000000700000000, 0x0000000800000000)
  region size 2048K, 24 young (49152K), 2 survivors (4096K)
 Metaspace       used 28030K, committed 28288K, reserved 1114112K
  class space    used 3596K, committed 3712K, reserved 1048576K
}
Event: 5.280 GC heap after
{Heap after GC invocations=6 (full 0):
 garbage-first heap   total 81920K, used 22395K [0x0000000700000000, 0x0000000800000000)
  region size 2048K, 3 young (6144K), 3 survivors (6144K)
 Metaspace       used 28030K, committed 28288K, reserved 1114112K
  class space    used 3596K, committed 3712K, reserved 1048576K
}
Event: 5.312 GC heap before
{Heap before GC invocations=6 (full 0):
 garbage-first heap   total 81920K, used 24443K [0x0000000700000000, 0x0000000800000000)
  region size 2048K, 4 young (8192K), 3 survivors (6144K)
 Metaspace       used 28243K, committed 28544K, reserved 1114112K
  class space    used 3637K, committed 3776K, reserved 1048576K
}
Event: 5.316 GC heap after
{Heap after GC invocations=7 (full 0):
 garbage-first heap   total 81920K, used 22689K [0x0000000700000000, 0x0000000800000000)
  region size 2048K, 1 young (2048K), 1 survivors (2048K)
 Metaspace       used 28243K, committed 28544K, reserved 1114112K
  class space    used 3637K, committed 3776K, reserved 1048576K
}
Event: 5.759 GC heap before
{Heap before GC invocations=7 (full 0):
 garbage-first heap   total 81920K, used 55457K [0x0000000700000000, 0x0000000800000000)
  region size 2048K, 18 young (36864K), 1 survivors (2048K)
 Metaspace       used 32637K, committed 32896K, reserved 1114112K
  class space    used 4379K, committed 4480K, reserved 1048576K
}
Event: 5.761 GC heap after
{Heap after GC invocations=8 (full 0):
 garbage-first heap   total 81920K, used 24252K [0x0000000700000000, 0x0000000800000000)
  region size 2048K, 2 young (4096K), 2 survivors (4096K)
 Metaspace       used 32637K, committed 32896K, reserved 1114112K
  class space    used 4379K, committed 4480K, reserved 1048576K
}
Event: 6.236 GC heap before
{Heap before GC invocations=8 (full 0):
 garbage-first heap   total 81920K, used 67260K [0x0000000700000000, 0x0000000800000000)
  region size 2048K, 18 young (36864K), 2 survivors (4096K)
 Metaspace       used 35795K, committed 36160K, reserved 1114112K
  class space    used 4858K, committed 5056K, reserved 1048576K
}
Event: 6.241 GC heap after
{Heap after GC invocations=9 (full 0):
 garbage-first heap   total 81920K, used 44115K [0x0000000700000000, 0x0000000800000000)
  region size 2048K, 3 young (6144K), 3 survivors (6144K)
 Metaspace       used 35795K, committed 36160K, reserved 1114112K
  class space    used 4858K, committed 5056K, reserved 1048576K
}
Event: 6.861 GC heap before
{Heap before GC invocations=10 (full 0):
 garbage-first heap   total 81920K, used 64595K [0x0000000700000000, 0x0000000800000000)
  region size 2048K, 13 young (26624K), 3 survivors (6144K)
 Metaspace       used 38032K, committed 38400K, reserved 1114112K
  class space    used 5239K, committed 5440K, reserved 1048576K
}
Event: 6.865 GC heap after
{Heap after GC invocations=11 (full 0):
 garbage-first heap   total 81920K, used 44787K [0x0000000700000000, 0x0000000800000000)
  region size 2048K, 1 young (2048K), 1 survivors (2048K)
 Metaspace       used 38032K, committed 38400K, reserved 1114112K
  class space    used 5239K, committed 5440K, reserved 1048576K
}
Event: 7.630 GC heap before
{Heap before GC invocations=11 (full 0):
 garbage-first heap   total 81920K, used 65267K [0x0000000700000000, 0x0000000800000000)
  region size 2048K, 11 young (22528K), 1 survivors (2048K)
 Metaspace       used 40959K, committed 41344K, reserved 1114112K
  class space    used 5707K, committed 5888K, reserved 1048576K
}
Event: 7.632 GC heap after
{Heap after GC invocations=12 (full 0):
 garbage-first heap   total 81920K, used 45904K [0x0000000700000000, 0x0000000800000000)
  region size 2048K, 2 young (4096K), 2 survivors (4096K)
 Metaspace       used 40959K, committed 41344K, reserved 1114112K
  class space    used 5707K, committed 5888K, reserved 1048576K
}

Dll operation events (3 events):
Event: 0.023 Loaded shared library C:\Program Files\Android\Android Studio\jbr\bin\java.dll
Event: 0.184 Loaded shared library C:\Program Files\Android\Android Studio\jbr\bin\zip.dll
Event: 0.780 Loaded shared library C:\Program Files\Android\Android Studio\jbr\bin\verify.dll

Deoptimization events (20 events):
Event: 7.503 Thread 0x000001e3e9d39510 Uncommon trap: trap_request=0xffffffde fr.pc=0x000001e3cee9cb60 relative=0x0000000000001ce0
Event: 7.503 Thread 0x000001e3e9d39510 Uncommon trap: reason=class_check action=maybe_recompile pc=0x000001e3cee9cb60 method=java.io.BufferedInputStream.read([BII)I @ 101 c2
Event: 7.503 Thread 0x000001e3e9d39510 DEOPT PACKING pc=0x000001e3cee9cb60 sp=0x000000bf049f7040
Event: 7.503 Thread 0x000001e3e9d39510 DEOPT UNPACKING pc=0x000001e3ce6769a3 sp=0x000000bf049f6ef0 mode 2
Event: 7.503 Thread 0x000001e3e9d39510 Uncommon trap: trap_request=0xffffffde fr.pc=0x000001e3cee9cb60 relative=0x0000000000001ce0
Event: 7.503 Thread 0x000001e3e9d39510 Uncommon trap: reason=class_check action=maybe_recompile pc=0x000001e3cee9cb60 method=java.io.BufferedInputStream.read([BII)I @ 101 c2
Event: 7.503 Thread 0x000001e3e9d39510 DEOPT PACKING pc=0x000001e3cee9cb60 sp=0x000000bf049f7040
Event: 7.503 Thread 0x000001e3e9d39510 DEOPT UNPACKING pc=0x000001e3ce6769a3 sp=0x000000bf049f6ef0 mode 2
Event: 7.504 Thread 0x000001e3e9d39510 Uncommon trap: trap_request=0xffffffc6 fr.pc=0x000001e3cef6a9e8 relative=0x0000000000000848
Event: 7.504 Thread 0x000001e3e9d39510 Uncommon trap: reason=bimorphic_or_optimized_type_check action=maybe_recompile pc=0x000001e3cef6a9e8 method=java.io.BufferedInputStream.read([BII)I @ 101 c2
Event: 7.504 Thread 0x000001e3e9d39510 DEOPT PACKING pc=0x000001e3cef6a9e8 sp=0x000000bf049f6f40
Event: 7.504 Thread 0x000001e3e9d39510 DEOPT UNPACKING pc=0x000001e3ce6769a3 sp=0x000000bf049f6ef8 mode 2
Event: 7.505 Thread 0x000001e3e9d39510 Uncommon trap: trap_request=0xffffffc6 fr.pc=0x000001e3cef6a9e8 relative=0x0000000000000848
Event: 7.505 Thread 0x000001e3e9d39510 Uncommon trap: reason=bimorphic_or_optimized_type_check action=maybe_recompile pc=0x000001e3cef6a9e8 method=java.io.BufferedInputStream.read([BII)I @ 101 c2
Event: 7.505 Thread 0x000001e3e9d39510 DEOPT PACKING pc=0x000001e3cef6a9e8 sp=0x000000bf049f6f20
Event: 7.505 Thread 0x000001e3e9d39510 DEOPT UNPACKING pc=0x000001e3ce6769a3 sp=0x000000bf049f6ed8 mode 2
Event: 7.549 Thread 0x000001e3e9d39510 Uncommon trap: trap_request=0xffffff45 fr.pc=0x000001e3cef24298 relative=0x00000000000005b8
Event: 7.549 Thread 0x000001e3e9d39510 Uncommon trap: reason=unstable_if action=reinterpret pc=0x000001e3cef24298 method=jdk.internal.org.objectweb.asm.MethodWriter.visitVarInsn(II)V @ 108 c2
Event: 7.549 Thread 0x000001e3e9d39510 DEOPT PACKING pc=0x000001e3cef24298 sp=0x000000bf049f0050
Event: 7.549 Thread 0x000001e3e9d39510 DEOPT UNPACKING pc=0x000001e3ce6769a3 sp=0x000000bf049f0018 mode 2

Classes unloaded (0 events):
No events

Classes redefined (0 events):
No events

Internal exceptions (20 events):
Event: 6.010 Thread 0x000001e3e9d39510 Exception <a 'java/lang/NoSuchMethodError'{0x00000007043687b8}: static Lorg/gradle/tooling/internal/consumer/versioning/VersionDetails$R48VersionDetails;.<clinit>()V> (0x00000007043687b8) 
thrown [s\src\hotspot\share\prims\jni.cpp, line 1127]
Event: 6.010 Thread 0x000001e3e9d39510 Exception <a 'java/lang/NoSuchMethodError'{0x00000007043699b8}: static Lorg/gradle/tooling/internal/consumer/versioning/VersionDetails$R51VersionDetails;.<clinit>()V> (0x00000007043699b8) 
thrown [s\src\hotspot\share\prims\jni.cpp, line 1127]
Event: 6.013 Thread 0x000001e3e9d39510 Exception <a 'java/lang/NoSuchMethodError'{0x0000000704390128}: 'java.lang.Object java.lang.invoke.DirectMethodHandle$Holder.newInvokeSpecial(java.lang.Object, java.lang.Object, java.lang.Object, int)'> (0x0000000704390128) 
thrown [s\src\hotspot\share\interpreter\linkResolver.cpp, line 771]
Event: 6.013 Thread 0x000001e3e9d39510 Exception <a 'java/lang/NoSuchMethodError'{0x00000007043947b0}: 'java.lang.Object java.lang.invoke.DirectMethodHandle$Holder.invokeSpecial(java.lang.Object, java.lang.Object, java.lang.Object, java.lang.Object, int)'> (0x00000007043947b0) 
thrown [s\src\hotspot\share\interpreter\linkResolver.cpp, line 771]
Event: 6.013 Thread 0x000001e3e9d39510 Exception <a 'java/lang/NoSuchMethodError'{0x0000000704398620}: 'java.lang.Object java.lang.invoke.Invokers$Holder.linkToTargetMethod(java.lang.Object, java.lang.Object, int, java.lang.Object)'> (0x0000000704398620) 
thrown [s\src\hotspot\share\interpreter\linkResolver.cpp, line 771]
Event: 6.075 Thread 0x000001e3e9d39510 Exception <a 'java/lang/NoSuchMethodError'{0x0000000703f49b10}: 'void java.lang.invoke.DirectMethodHandle$Holder.invokeStaticInit(java.lang.Object, java.lang.Object, java.lang.Object, java.lang.Object)'> (0x0000000703f49b10) 
thrown [s\src\hotspot\share\interpreter\linkResolver.cpp, line 771]
Event: 6.231 Thread 0x000001e3e9d39510 Exception <a 'java/lang/NoSuchMethodError'{0x00000007030c2740}: 'java.lang.Object java.lang.invoke.DirectMethodHandle$Holder.newInvokeSpecial(java.lang.Object, java.lang.Object, int, int)'> (0x00000007030c2740) 
thrown [s\src\hotspot\share\interpreter\linkResolver.cpp, line 771]
Event: 6.305 Thread 0x000001e3e9d39510 Exception <a 'java/lang/NoSuchMethodError'{0x0000000705eef6f0}: 'java.lang.Object java.lang.invoke.DirectMethodHandle$Holder.invokeSpecialIFC(java.lang.Object, java.lang.Object, java.lang.Object, java.lang.Object)'> (0x0000000705eef6f0) 
thrown [s\src\hotspot\share\interpreter\linkResolver.cpp, line 771]
Event: 6.308 Thread 0x000001e3e9d39510 Exception <a 'java/lang/NoSuchMethodError'{0x0000000705f42318}: 'java.lang.Object java.lang.invoke.DirectMethodHandle$Holder.newInvokeSpecial(java.lang.Object, java.lang.Object, java.lang.Object, java.lang.Object, java.lang.Object, java.lang.Object, java.lang.Object, java.lang.Object, java.lang.Object, java.lang.Object)'> (0x0000000705f42318) 
thrown [s\src\hotspot\share\interpreter\linkResolver.cpp, line 771]
Event: 6.308 Thread 0x000001e3e9d39510 Exception <a 'java/lang/NoSuchMethodError'{0x0000000705f474a8}: 'java.lang.Object java.lang.invoke.Invokers$Holder.linkToTargetMethod(java.lang.Object, java.lang.Object, java.lang.Object, java.lang.Object, java.lang.Object, java.lang.Object, java.lang.Object, java.lang.Object, java.lang.Object, java.lang.Object)'> (0x0000000705f474a8) 
thrown [s\src\hotspot\share\interpreter\linkResolver.cpp, line 771]
Event: 6.493 Thread 0x000001e3e9d39510 Implicit null exception at 0x000001e3cedca610 to 0x000001e3cedcab7c
Event: 6.787 Thread 0x000001e3e9d39510 Exception <a 'java/lang/NoSuchMethodError'{0x0000000703c3f510}: 'java.lang.Object java.lang.invoke.DirectMethodHandle$Holder.invokeStaticInit(java.lang.Object, java.lang.Object, java.lang.Object)'> (0x0000000703c3f510) 
thrown [s\src\hotspot\share\interpreter\linkResolver.cpp, line 771]
Event: 6.847 Thread 0x000001e3e9d39510 Exception <a 'java/lang/NoSuchMethodError'{0x0000000703d9ea18}: 'java.lang.Object java.lang.invoke.DirectMethodHandle$Holder.newInvokeSpecial(java.lang.Object, java.lang.Object, java.lang.Object, java.lang.Object, java.lang.Object, java.lang.Object, java.lang.Object, java.lang.Object, java.lang.Object, java.lang.Object, java.lang.Object)'> (0x0000000703d9ea18) 
thrown [s\src\hotspot\share\interpreter\linkResolver.cpp, line 771]
Event: 6.847 Thread 0x000001e3e9d39510 Exception <a 'java/lang/NoSuchMethodError'{0x0000000703da47f8}: 'java.lang.Object java.lang.invoke.DirectMethodHandle$Holder.invokeSpecial(java.lang.Object, java.lang.Object, java.lang.Object, java.lang.Object, java.lang.Object, java.lang.Object, java.lang.Object, java.lang.Object, java.lang.Object, java.lang.Object, java.lang.Object, java.lang.Object)'> (0x0000000703da47f8) 
thrown [s\src\hotspot\share\interpreter\linkResolver.cpp, line 771]
Event: 6.847 Thread 0x000001e3e9d39510 Exception <a 'java/lang/NoSuchMethodError'{0x0000000703daa138}: 'java.lang.Object java.lang.invoke.Invokers$Holder.linkToTargetMethod(java.lang.Object, java.lang.Object, java.lang.Object, java.lang.Object, java.lang.Object, java.lang.Object, java.lang.Object, java.lang.Object, java.lang.Object, java.lang.Object, java.lang.Object)'> (0x0000000703daa138) 
thrown [s\src\hotspot\share\interpreter\linkResolver.cpp, line 771]
Event: 7.093 Thread 0x000001e3e9d39510 Exception <a 'java/lang/IncompatibleClassChangeError'{0x00000007048abdb0}: Found class java.lang.Object, but interface was expected> (0x00000007048abdb0) 
thrown [s\src\hotspot\share\interpreter\linkResolver.cpp, line 838]
Event: 7.181 Thread 0x000001e3e9d39510 Exception <a 'java/lang/NoSuchMethodError'{0x0000000704628d38}: 'java.lang.Object java.lang.invoke.DirectMethodHandle$Holder.invokeVirtual(java.lang.Object, java.lang.Object, int)'> (0x0000000704628d38) 
thrown [s\src\hotspot\share\interpreter\linkResolver.cpp, line 771]
Event: 7.186 Thread 0x000001e3e9d39510 Exception <a 'java/lang/NoSuchMethodError'{0x0000000704658d88}: 'void java.lang.invoke.DirectMethodHandle$Holder.invokeStatic(java.lang.Object, java.lang.Object, java.lang.Object, int)'> (0x0000000704658d88) 
thrown [s\src\hotspot\share\interpreter\linkResolver.cpp, line 771]
Event: 7.446 Thread 0x000001e3e9d39510 Exception <a 'java/lang/NoSuchMethodError'{0x000000070426d020}: 'java.lang.Object java.lang.invoke.DirectMethodHandle$Holder.invokeSpecial(java.lang.Object, java.lang.Object, java.lang.Object, int, java.lang.Object, java.lang.Object)'> (0x000000070426d020) 
thrown [s\src\hotspot\share\interpreter\linkResolver.cpp, line 771]
Event: 7.549 Thread 0x000001e3e9d39510 Implicit null exception at 0x000001e3cef23dfb to 0x000001e3cef2428c

VM Operations (20 events):
Event: 6.249 Executing VM operation: G1PauseRemark done
Event: 6.251 Executing VM operation: G1PauseCleanup
Event: 6.252 Executing VM operation: G1PauseCleanup done
Event: 6.502 Executing VM operation: HandshakeAllThreads
Event: 6.502 Executing VM operation: HandshakeAllThreads done
Event: 6.768 Executing VM operation: HandshakeAllThreads
Event: 6.768 Executing VM operation: HandshakeAllThreads done
Event: 6.861 Executing VM operation: G1CollectForAllocation
Event: 6.865 Executing VM operation: G1CollectForAllocation done
Event: 7.094 Executing VM operation: HandshakeAllThreads
Event: 7.094 Executing VM operation: HandshakeAllThreads done
Event: 7.356 Executing VM operation: HandshakeAllThreads
Event: 7.356 Executing VM operation: HandshakeAllThreads done
Event: 7.356 Executing VM operation: HandshakeAllThreads
Event: 7.356 Executing VM operation: HandshakeAllThreads done
Event: 7.535 Executing VM operation: HandshakeAllThreads
Event: 7.535 Executing VM operation: HandshakeAllThreads done
Event: 7.630 Executing VM operation: G1CollectForAllocation
Event: 7.632 Executing VM operation: G1CollectForAllocation done
Event: 7.642 Executing VM operation: G1PauseRemark

Events (20 events):
Event: 7.491 loading class java/util/EventListener
Event: 7.491 loading class java/util/EventListener done
Event: 7.496 loading class java/util/BitSet
Event: 7.496 loading class java/util/BitSet done
Event: 7.500 loading class java/util/TimerTask
Event: 7.500 loading class java/util/TimerTask done
Event: 7.501 loading class java/util/Timer
Event: 7.501 loading class java/util/Timer done
Event: 7.534 loading class java/security/AccessControlException
Event: 7.534 loading class java/security/AccessControlException done
Event: 7.549 loading class java/lang/invoke/MethodHandleImpl$BindCaller
Event: 7.549 loading class java/lang/invoke/MethodHandleImpl$BindCaller done
Event: 7.549 loading class java/lang/invoke/MethodHandleImpl$BindCaller$1
Event: 7.549 loading class java/lang/invoke/MethodHandleImpl$BindCaller$1 done
Event: 7.550 loading class java/util/Collections$CopiesList
Event: 7.550 loading class java/util/Collections$CopiesList done
Event: 7.564 loading class java/lang/reflect/GenericSignatureFormatError
Event: 7.564 loading class java/lang/reflect/GenericSignatureFormatError done
Event: 7.564 loading class java/lang/reflect/MalformedParameterizedTypeException
Event: 7.564 loading class java/lang/reflect/MalformedParameterizedTypeException done


Dynamic libraries:
0x00007ff719b30000 - 0x00007ff719b3a000 	C:\Program Files\Android\Android Studio\jbr\bin\java.exe
0x00007ff94a3b0000 - 0x00007ff94a5c7000 	C:\WINDOWS\SYSTEM32\ntdll.dll
0x00007ff948330000 - 0x00007ff9483f4000 	C:\WINDOWS\System32\KERNEL32.DLL
0x00007ff9476d0000 - 0x00007ff947a8a000 	C:\WINDOWS\System32\KERNELBASE.dll
0x00007ff947c30000 - 0x00007ff947d41000 	C:\WINDOWS\System32\ucrtbase.dll
0x00007ff9338a0000 - 0x00007ff9338bb000 	C:\Program Files\Android\Android Studio\jbr\bin\VCRUNTIME140.dll
0x00007ff9141a0000 - 0x00007ff9141b7000 	C:\Program Files\Android\Android Studio\jbr\bin\jli.dll
0x00007ff949e00000 - 0x00007ff949fae000 	C:\WINDOWS\System32\USER32.dll
0x00007ff947670000 - 0x00007ff947696000 	C:\WINDOWS\System32\win32u.dll
0x00007ff948190000 - 0x00007ff9481b9000 	C:\WINDOWS\System32\GDI32.dll
0x00007ff9375b0000 - 0x00007ff937842000 	C:\WINDOWS\WinSxS\amd64_microsoft.windows.common-controls_6595b64144ccf1df_6.0.22621.4541_none_2710d1c57384c085\COMCTL32.dll
0x00007ff947b10000 - 0x00007ff947c2b000 	C:\WINDOWS\System32\gdi32full.dll
0x00007ff947dd0000 - 0x00007ff947e6a000 	C:\WINDOWS\System32\msvcp_win.dll
0x00007ff949d50000 - 0x00007ff949df7000 	C:\WINDOWS\System32\msvcrt.dll
0x00007ff94a330000 - 0x00007ff94a361000 	C:\WINDOWS\System32\IMM32.DLL
0x00007ff934b60000 - 0x00007ff934b6c000 	C:\Program Files\Android\Android Studio\jbr\bin\vcruntime140_1.dll
0x00007ff913e10000 - 0x00007ff913e9d000 	C:\Program Files\Android\Android Studio\jbr\bin\msvcp140.dll
0x00007ff860b70000 - 0x00007ff8617f3000 	C:\Program Files\Android\Android Studio\jbr\bin\server\jvm.dll
0x00007ff948730000 - 0x00007ff9487e2000 	C:\WINDOWS\System32\ADVAPI32.dll
0x00007ff94a040000 - 0x00007ff94a0e7000 	C:\WINDOWS\System32\sechost.dll
0x00007ff9476a0000 - 0x00007ff9476c8000 	C:\WINDOWS\System32\bcrypt.dll
0x00007ff948460000 - 0x00007ff948574000 	C:\WINDOWS\System32\RPCRT4.dll
0x00007ff946540000 - 0x00007ff94658d000 	C:\WINDOWS\SYSTEM32\POWRPROF.dll
0x00007ff942330000 - 0x00007ff942364000 	C:\WINDOWS\SYSTEM32\WINMM.dll
0x00007ff93f400000 - 0x00007ff93f40a000 	C:\WINDOWS\SYSTEM32\VERSION.dll
0x00007ff92fb80000 - 0x00007ff92fb89000 	C:\WINDOWS\SYSTEM32\WSOCK32.dll
0x00007ff9480a0000 - 0x00007ff948111000 	C:\WINDOWS\System32\WS2_32.dll
0x00007ff946500000 - 0x00007ff946513000 	C:\WINDOWS\SYSTEM32\UMPDC.dll
0x00007ff9467a0000 - 0x00007ff9467b8000 	C:\WINDOWS\SYSTEM32\kernel.appcore.dll
0x00007ff940f20000 - 0x00007ff940f2a000 	C:\Program Files\Android\Android Studio\jbr\bin\jimage.dll
0x00007ff945060000 - 0x00007ff945292000 	C:\WINDOWS\SYSTEM32\DBGHELP.DLL
0x00007ff9491a0000 - 0x00007ff949531000 	C:\WINDOWS\System32\combase.dll
0x00007ff9499d0000 - 0x00007ff949aa7000 	C:\WINDOWS\System32\OLEAUT32.dll
0x00007ff91f180000 - 0x00007ff91f1b2000 	C:\WINDOWS\SYSTEM32\dbgcore.DLL
0x00007ff947d50000 - 0x00007ff947dcb000 	C:\WINDOWS\System32\bcryptPrimitives.dll
0x00007ff91dde0000 - 0x00007ff91ddee000 	C:\Program Files\Android\Android Studio\jbr\bin\instrument.dll
0x00007ff933830000 - 0x00007ff933855000 	C:\Program Files\Android\Android Studio\jbr\bin\java.dll
0x00007ff940730000 - 0x00007ff940748000 	C:\Program Files\Android\Android Studio\jbr\bin\zip.dll
0x00007ff948920000 - 0x00007ff949199000 	C:\WINDOWS\System32\SHELL32.dll
0x00007ff9455b0000 - 0x00007ff945eb9000 	C:\WINDOWS\SYSTEM32\windows.storage.dll
0x00007ff945470000 - 0x00007ff9455af000 	C:\WINDOWS\SYSTEM32\wintypes.dll
0x00007ff949b50000 - 0x00007ff949c4a000 	C:\WINDOWS\System32\SHCORE.dll
0x00007ff949ab0000 - 0x00007ff949b0e000 	C:\WINDOWS\System32\shlwapi.dll
0x00007ff9475a0000 - 0x00007ff9475cb000 	C:\WINDOWS\SYSTEM32\profapi.dll
0x00007ff933ab0000 - 0x00007ff933ac9000 	C:\Program Files\Android\Android Studio\jbr\bin\net.dll
0x00007ff941dd0000 - 0x00007ff941f06000 	C:\WINDOWS\SYSTEM32\WINHTTP.dll
0x00007ff946c20000 - 0x00007ff946c89000 	C:\WINDOWS\system32\mswsock.dll
0x00007ff933810000 - 0x00007ff933826000 	C:\Program Files\Android\Android Studio\jbr\bin\nio.dll
0x00007ff91de30000 - 0x00007ff91de40000 	C:\Program Files\Android\Android Studio\jbr\bin\verify.dll
0x00007ff90fcc0000 - 0x00007ff90fce7000 	C:\Users\thami\.gradle\native\c067742578af261105cb4f569cf0c3c89f3d7b1fecec35dd04571415982c5e48\windows-amd64\native-platform.dll
0x00007ff90f260000 - 0x00007ff90f3a4000 	C:\Users\thami\.gradle\native\100fb08df4bc3b14c8652ba06237920a3bd2aa13389f12d3474272988ae205f9\windows-amd64\native-platform-file-events.dll
0x00007ff91dec0000 - 0x00007ff91dec9000 	C:\Program Files\Android\Android Studio\jbr\bin\management.dll
0x00007ff91deb0000 - 0x00007ff91debb000 	C:\Program Files\Android\Android Studio\jbr\bin\management_ext.dll
0x00007ff948900000 - 0x00007ff948908000 	C:\WINDOWS\System32\PSAPI.DLL
0x00007ff946e70000 - 0x00007ff946e8b000 	C:\WINDOWS\SYSTEM32\CRYPTSP.dll
0x00007ff946700000 - 0x00007ff946735000 	C:\WINDOWS\system32\rsaenh.dll
0x00007ff946d10000 - 0x00007ff946d38000 	C:\WINDOWS\SYSTEM32\USERENV.dll
0x00007ff946e90000 - 0x00007ff946e9c000 	C:\WINDOWS\SYSTEM32\CRYPTBASE.dll
0x00007ff9461d0000 - 0x00007ff9461fd000 	C:\WINDOWS\SYSTEM32\IPHLPAPI.DLL
0x00007ff949540000 - 0x00007ff949549000 	C:\WINDOWS\System32\NSI.dll
0x00007ff941d60000 - 0x00007ff941d79000 	C:\WINDOWS\SYSTEM32\dhcpcsvc6.DLL
0x00007ff941d40000 - 0x00007ff941d5f000 	C:\WINDOWS\SYSTEM32\dhcpcsvc.DLL
0x00007ff946250000 - 0x00007ff946352000 	C:\WINDOWS\SYSTEM32\DNSAPI.dll
0x00007ff93f800000 - 0x00007ff93f809000 	C:\Program Files\Android\Android Studio\jbr\bin\extnet.dll
0x00007ff915570000 - 0x00007ff915578000 	C:\WINDOWS\system32\wshunix.dll

dbghelp: loaded successfully - version: 4.0.5 - missing functions: none
symbol engine: initialized successfully - sym options: 0x614 - pdb path: .;C:\Program Files\Android\Android Studio\jbr\bin;C:\WINDOWS\SYSTEM32;C:\WINDOWS\WinSxS\amd64_microsoft.windows.common-controls_6595b64144ccf1df_6.0.22621.4541_none_2710d1c57384c085;C:\Program Files\Android\Android Studio\jbr\bin\server;C:\Users\thami\.gradle\native\c067742578af261105cb4f569cf0c3c89f3d7b1fecec35dd04571415982c5e48\windows-amd64;C:\Users\thami\.gradle\native\100fb08df4bc3b14c8652ba06237920a3bd2aa13389f12d3474272988ae205f9\windows-amd64

VM Arguments:
jvm_args: -XX:MaxPermSize=2g -XX:+HeapDumpOnOutOfMemoryError --add-opens=java.base/java.util=ALL-UNNAMED --add-opens=java.base/java.lang=ALL-UNNAMED --add-opens=java.base/java.lang.invoke=ALL-UNNAMED --add-opens=java.prefs/java.util.prefs=ALL-UNNAMED --add-exports=jdk.compiler/com.sun.tools.javac.api=ALL-UNNAMED --add-exports=jdk.compiler/com.sun.tools.javac.util=ALL-UNNAMED --add-opens=java.base/java.nio.charset=ALL-UNNAMED --add-opens=java.base/java.net=ALL-UNNAMED --add-opens=java.base/java.util.concurrent.atomic=ALL-UNNAMED -Xmx4g -Dfile.encoding=UTF-8 -Duser.country=BR -Duser.language=pt -Duser.variant -javaagent:C:\Users\thami\.gradle\wrapper\dists\gradle-8.9-bin\90cnw93cvbtalezasaz0blq0a\gradle-8.9\lib\agents\gradle-instrumentation-agent-8.9.jar 
java_command: org.gradle.launcher.daemon.bootstrap.GradleDaemon 8.9
java_class_path (initial): C:\Users\thami\.gradle\wrapper\dists\gradle-8.9-bin\90cnw93cvbtalezasaz0blq0a\gradle-8.9\lib\gradle-daemon-main-8.9.jar
Launcher Type: SUN_STANDARD

[Global flags]
     intx CICompilerCount                          = 12                                        {product} {ergonomic}
     uint ConcGCThreads                            = 3                                         {product} {ergonomic}
     uint G1ConcRefinementThreads                  = 13                                        {product} {ergonomic}
   size_t G1HeapRegionSize                         = 2097152                                   {product} {ergonomic}
    uintx GCDrainStackTargetSize                   = 64                                        {product} {ergonomic}
     bool HeapDumpOnOutOfMemoryError               = true                                   {manageable} {command line}
   size_t InitialHeapSize                          = 123731968                                 {product} {ergonomic}
   size_t MarkStackSize                            = 4194304                                   {product} {ergonomic}
   size_t MaxHeapSize                              = 4294967296                                {product} {command line}
   size_t MaxNewSize                               = 2575302656                                {product} {ergonomic}
   size_t MinHeapDeltaBytes                        = 2097152                                   {product} {ergonomic}
   size_t MinHeapSize                              = 8388608                                   {product} {ergonomic}
    uintx NonNMethodCodeHeapSize                   = 7602480                                {pd product} {ergonomic}
    uintx NonProfiledCodeHeapSize                  = 122027880                              {pd product} {ergonomic}
    uintx ProfiledCodeHeapSize                     = 122027880                              {pd product} {ergonomic}
    uintx ReservedCodeCacheSize                    = 251658240                              {pd product} {ergonomic}
     bool SegmentedCodeCache                       = true                                      {product} {ergonomic}
   size_t SoftMaxHeapSize                          = 4294967296                             {manageable} {ergonomic}
     bool UseCompressedClassPointers               = true                           {product lp64_product} {ergonomic}
     bool UseCompressedOops                        = true                           {product lp64_product} {ergonomic}
     bool UseG1GC                                  = true                                      {product} {ergonomic}
     bool UseLargePagesIndividualAllocation        = false                                  {pd product} {ergonomic}

Logging:
Log output configuration:
 #0: stdout all=warning uptime,level,tags
 #1: stderr all=off uptime,level,tags

Environment Variables:
PATH=C:\Program Files\Common Files\Oracle\Java\javapath;C:\Program Files (x86)\Common Files\Oracle\Java\javapath;C:\Python312\Scripts\;C:\Python312\;C:\Windows\system32;C:\Windows;C:\Windows\System32\Wbem;C:\Windows\System32\WindowsPowerShell\v1.0\;C:\Windows\System32\OpenSSH\;C:\Program Files (x86)\NVIDIA Corporation\PhysX\Common;C:\Program Files\NVIDIA Corporation\NVIDIA NvDLISR;C:\WINDOWS\system32;C:\WINDOWS;C:\WINDOWS\System32\Wbem;C:\WINDOWS\System32\WindowsPowerShell\v1.0\;C:\WINDOWS\System32\OpenSSH\;C:\Program Files\Git\cmd;C:\Program Files\nodejs\;C:\Users\thami\AppData\Roaming\npm;C:\Users\thami\Downloads\gradle-8.11.1-all\gradle-8.11.1\bin;C:\Users\thami\AppData\Local\Programs\Python\Python311\Scripts\;C:\Users\thami\AppData\Local\Programs\Python\Python311\;C:\Users\thami\AppData\Local\Microsoft\WindowsApps;C:\Users\thami\AppData\Local\Programs\Microsoft VS Code\bin;C:\MinGW\bin;C:\Users\thami\AppData\Local\GitHubDesktop\bin;C:\Program Files\nodejs\;C:\Users\thami\AppData\Roaming\npm;C:\Program Files\JetBrains\IntelliJ IDEA 2021.2.4\bin;;C:\Users\thami\Downloads\pmd-dist-7.9.0-bin\pmd-bin-7.9.0\bin;C:\Users\thami\Downloads\apache-maven-3.9.9-bin\apache-maven-3.9.9\bin;
USERNAME=thami
OS=Windows_NT
PROCESSOR_IDENTIFIER=AMD64 Family 23 Model 96 Stepping 1, AuthenticAMD
TMP=C:\Users\thami\AppData\Local\Temp
TEMP=C:\Users\thami\AppData\Local\Temp



Periodic native trim disabled

JNI global refs:
JNI global refs: 34, weak refs: 0

JNI global refs memory usage: 843, weak refs: 209

Process memory usage:
Resident Set Size: 232284K (3% of 7730500K total physical memory with 306988K free physical memory)

OOME stack traces (most recent first):
Classloader memory used:
Loader org.gradle.internal.classloader.VisitableURLClassLoader                         : 2355K
Loader bootstrap                                                                       : 2079K
Loader org.gradle.initialization.MixInLegacyTypesClassLoader                           : 536K
Loader org.gradle.internal.classloader.VisitableURLClassLoader                         : 88259B
Loader jdk.internal.loader.ClassLoaders$AppClassLoader                                 : 28742B
Loader jdk.internal.reflect.DelegatingClassLoader                                      : 24446B
Loader jdk.internal.loader.ClassLoaders$PlatformClassLoader                            : 16554B
Loader org.gradle.groovy.scripts.internal.DefaultScriptCompilationHandler$ScriptClassLoader: 771B

Classes loaded by more than one classloader:
Class org.gradle.api.GradleException                                                  : loaded 3 times (x 80B)
Class org.gradle.util.GradleVersion                                                   : loaded 2 times (x 81B)
Class org.gradle.internal.classpath.ClassPath                                         : loaded 2 times (x 68B)
Class org.gradle.api.internal.classpath.DefaultModuleRegistry                         : loaded 2 times (x 81B)
Class org.gradle.internal.exceptions.NonGradleCauseExceptionsHolder                   : loaded 2 times (x 68B)
Class org.gradle.api.Action                                                           : loaded 2 times (x 68B)
Class org.gradle.api.internal.DefaultClassPathProvider                                : loaded 2 times (x 74B)
Class org.gradle.internal.installation.GradleInstallation$1                           : loaded 2 times (x 73B)
Class org.gradle.internal.exceptions.DefaultMultiCauseException                       : loaded 2 times (x 93B)
Class org.gradle.internal.time.MonotonicClock                                         : loaded 2 times (x 75B)
Class org.gradle.internal.classloader.FilteringClassLoader                            : loaded 2 times (x 103B)
Class org.gradle.internal.classpath.DefaultClassPath$ImmutableUniqueList$Builder      : loaded 2 times (x 73B)
Class kotlin.UninitializedPropertyAccessException                                     : loaded 2 times (x 80B)
Class org.gradle.internal.classloader.ClassLoaderVisitor                              : loaded 2 times (x 74B)
Class org.gradle.internal.time.DefaultCountdownTimer                                  : loaded 2 times (x 86B)
Class org.gradle.internal.service.DefaultServiceLocator                               : loaded 2 times (x 81B)
Class org.gradle.internal.service.UnknownServiceException                             : loaded 2 times (x 81B)
Class org.gradle.internal.classloader.DefaultClassLoaderFactory                       : loaded 2 times (x 80B)
Class org.gradle.internal.classloader.VisitableURLClassLoader$Spec                    : loaded 2 times (x 72B)
Class org.gradle.tooling.model.ProjectModel                                           : loaded 2 times (x 68B)
Class org.gradle.internal.installation.GradleInstallation                             : loaded 2 times (x 73B)
Class org.gradle.api.internal.classpath.ModuleRegistry                                : loaded 2 times (x 68B)
Class org.gradle.api.internal.ClassPathProvider                                       : loaded 2 times (x 68B)
Class org.gradle.internal.classloader.ClasspathUtil$1                                 : loaded 2 times (x 74B)
Class org.gradle.internal.classloader.ClassLoaderFactory                              : loaded 2 times (x 68B)
Class org.gradle.api.internal.classpath.ManifestUtil                                  : loaded 2 times (x 69B)
Class org.gradle.api.specs.Spec                                                       : loaded 2 times (x 68B)
Class kotlin.jvm.internal.Intrinsics                                                  : loaded 2 times (x 69B)
Class org.gradle.internal.IoActions                                                   : loaded 2 times (x 69B)
Class org.gradle.api.internal.classpath.EffectiveClassPath                            : loaded 2 times (x 88B)
Class org.gradle.internal.exceptions.ResolutionProvider                               : loaded 2 times (x 68B)
Class org.gradle.internal.installation.CurrentGradleInstallation                      : loaded 2 times (x 71B)
Class org.gradle.internal.agents.InstrumentingClassLoader                             : loaded 2 times (x 68B)
Class org.gradle.internal.installation.CurrentGradleInstallationLocator               : loaded 2 times (x 69B)
Class org.gradle.api.internal.classpath.Module                                        : loaded 2 times (x 68B)
Class org.gradle.internal.service.CachingServiceLocator                               : loaded 2 times (x 80B)
Class org.gradle.internal.time.Timer                                                  : loaded 2 times (x 68B)
Class org.gradle.internal.classpath.DefaultClassPath                                  : loaded 2 times (x 88B)
Class org.gradle.internal.time.Time                                                   : loaded 2 times (x 69B)
Class org.gradle.internal.time.TimeSource$1                                           : loaded 2 times (x 75B)
Class kotlin.KotlinNullPointerException                                               : loaded 2 times (x 81B)
Class org.gradle.internal.classloader.SystemClassLoaderSpec                           : loaded 2 times (x 69B)
Class kotlin.Function                                                                 : loaded 2 times (x 68B)
Class org.gradle.api.UncheckedIOException                                             : loaded 2 times (x 80B)
Class org.gradle.internal.time.CountdownTimer                                         : loaded 2 times (x 68B)
Class org.gradle.internal.time.Clock                                                  : loaded 2 times (x 68B)
Class org.gradle.internal.classloader.ClasspathUtil                                   : loaded 2 times (x 69B)
Class org.gradle.api.internal.DefaultClassPathRegistry                                : loaded 2 times (x 74B)
Class org.gradle.api.internal.classpath.DefaultModuleRegistry$DefaultModule           : loaded 2 times (x 84B)
Class org.gradle.internal.time.TimeSource                                             : loaded 2 times (x 68B)
Class org.gradle.api.internal.classpath.UnknownModuleException                        : loaded 2 times (x 80B)
Class org.gradle.internal.service.ServiceLookupException                              : loaded 2 times (x 80B)
Class [Lorg.gradle.api.internal.ClassPathProvider;                                    : loaded 2 times (x 67B)
Class org.gradle.internal.operations.MultipleBuildOperationFailures                   : loaded 2 times (x 93B)
Class org.gradle.util.internal.GUtil                                                  : loaded 2 times (x 69B)
Class org.gradle.internal.classloader.ClassLoaderSpec                                 : loaded 2 times (x 69B)
Class org.gradle.internal.classloader.VisitableURLClassLoader                         : loaded 2 times (x 115B)
Class org.gradle.internal.Cast                                                        : loaded 2 times (x 69B)
Class org.gradle.api.internal.ClassPathRegistry                                       : loaded 2 times (x 68B)
Class org.gradle.internal.classloader.VisitableURLClassLoader$InstrumentingVisitableURLClassLoader: loaded 2 times (x 121B)
Class org.gradle.internal.classloader.ClassLoaderHierarchy                            : loaded 2 times (x 68B)
Class org.gradle.internal.exceptions.MultiCauseException                              : loaded 2 times (x 68B)
Class org.gradle.internal.InternalTransformer                                         : loaded 2 times (x 68B)
Class org.gradle.internal.service.ServiceLocator                                      : loaded 2 times (x 68B)
Class org.gradle.internal.classpath.DefaultClassPath$ImmutableUniqueList              : loaded 2 times (x 159B)
Class org.gradle.internal.time.DefaultTimer                                           : loaded 2 times (x 78B)
Class org.gradle.internal.classpath.TransformedClassPath                              : loaded 2 times (x 94B)


---------------  S Y S T E M  ---------------

OS:
 Windows 11 , 64 bit Build 22621 (10.0.22621.4391)
OS uptime: 2 days 10:21 hours

CPU: total 16 (initial active 16) (16 cores per cpu, 2 threads per core) family 23 model 96 stepping 1 microcode 0x0, cx8, cmov, fxsr, ht, mmx, 3dnowpref, sse, sse2, sse3, ssse3, sse4a, sse4.1, sse4.2, popcnt, lzcnt, tsc, tscinvbit, avx, avx2, aes, clmul, bmi1, bmi2, adx, sha, fma, vzeroupper, clflush, clflushopt
Processor Information for all 16 processors :
  Max Mhz: 2900, Current Mhz: 2900, Mhz Limit: 2900

Memory: 4k page, system-wide physical 7549M (299M free)
TotalPageFile size 23549M (AvailPageFile size 8M)
current process WorkingSet (physical memory assigned to process): 226M, peak: 228M
current process commit charge ("private bytes"): 273M, peak: 278M

vm_info: OpenJDK 64-Bit Server VM (17.0.11+0--11852314) for windows-amd64 JRE (17.0.11+0--11852314), built on May 16 2024 21:29:20 by "androidbuild" with MS VC++ 16.10 / 16.11 (VS2019)

END.
